# JRE version: Java(TM) SE Runtime Environment (8.0_121-b13) (build 1.8.0_121-b13)
# Java VM: Java HotSpot(TM) 64-Bit Server VM (25.121-b13 mixed mode windows-amd64 compressed oops)
Heap:
 PSYoungGen      total 314880K, used 314569K [0x00000000eab00000, 0x0000000100000000, 0x0000000100000000)
  eden space 292864K, 100% used [0x00000000eab00000,0x00000000fc900000,0x00000000fc900000)
  from space 22016K, 98% used [0x00000000fc900000,0x00000000fde32618,0x00000000fde80000)
  to   space 30208K, 99% used [0x00000000fe280000,0x00000000ffffe808,0x0000000100000000)
 ParOldGen       total 106496K, used 51961K [0x00000000c0000000, 0x00000000c6800000, 0x00000000eab00000)
  object space 106496K, 48% used [0x00000000c0000000,0x00000000c32be748,0x00000000c6800000)
 Metaspace       used 75413K, capacity 78316K, committed 78464K, reserved 1116160K
  class space    used 10210K, capacity 10803K, committed 10880K, reserved 1048576K
GC Heap History (10 events):
Event: 31.055 GC heap after
Heap after GC invocations=8 (full 2):
 PSYoungGen      total 242176K, used 0K [0x00000000eab00000, 0x00000000fac80000, 0x0000000100000000)
  eden space 231936K, 0% used [0x00000000eab00000,0x00000000eab00000,0x00000000f8d80000)
  from space 10240K, 0% used [0x00000000fa280000,0x00000000fa280000,0x00000000fac80000)
  to   space 15872K, 0% used [0x00000000f8d80000,0x00000000f8d80000,0x00000000f9d00000)
 ParOldGen       total 74752K, used 15311K [0x00000000c0000000, 0x00000000c4900000, 0x00000000eab00000)
  object space 74752K, 20% used [0x00000000c0000000,0x00000000c0ef3c98,0x00000000c4900000)
 Metaspace       used 34588K, capacity 35456K, committed 35496K, reserved 1079296K
  class space    used 4870K, capacity 5097K, committed 5120K, reserved 1048576K
}
Event: 62.104 GC heap before
{Heap before GC invocations=9 (full 2):
 PSYoungGen      total 242176K, used 231936K [0x00000000eab00000, 0x00000000fac80000, 0x0000000100000000)
  eden space 231936K, 100% used [0x00000000eab00000,0x00000000f8d80000,0x00000000f8d80000)
  from space 10240K, 0% used [0x00000000fa280000,0x00000000fa280000,0x00000000fac80000)
  to   space 15872K, 0% used [0x00000000f8d80000,0x00000000f8d80000,0x00000000f9d00000)
 ParOldGen       total 74752K, used 15311K [0x00000000c0000000, 0x00000000c4900000, 0x00000000eab00000)
  object space 74752K, 20% used [0x00000000c0000000,0x00000000c0ef3c98,0x00000000c4900000)
 Metaspace       used 54442K, capacity 56382K, committed 56448K, reserved 1097728K
  class space    used 7595K, capacity 8060K, committed 8064K, reserved 1048576K
Event: 62.136 GC heap after
Heap after GC invocations=9 (full 2):
 PSYoungGen      total 247808K, used 15868K [0x00000000eab00000, 0x0000000100000000, 0x0000000100000000)
  eden space 231936K, 0% used [0x00000000eab00000,0x00000000eab00000,0x00000000f8d80000)
  from space 15872K, 99% used [0x00000000f8d80000,0x00000000f9cff330,0x00000000f9d00000)
  to   space 25088K, 0% used [0x00000000fe780000,0x00000000fe780000,0x0000000100000000)
 ParOldGen       total 74752K, used 28898K [0x00000000c0000000, 0x00000000c4900000, 0x00000000eab00000)
  object space 74752K, 38% used [0x00000000c0000000,0x00000000c1c388f0,0x00000000c4900000)
 Metaspace       used 54442K, capacity 56382K, committed 56448K, reserved 1097728K
  class space    used 7595K, capacity 8060K, committed 8064K, reserved 1048576K
}
Event: 69.907 GC heap before
{Heap before GC invocations=10 (full 2):
 PSYoungGen      total 247808K, used 88826K [0x00000000eab00000, 0x0000000100000000, 0x0000000100000000)
  eden space 231936K, 31% used [0x00000000eab00000,0x00000000ef23f768,0x00000000f8d80000)
  from space 15872K, 99% used [0x00000000f8d80000,0x00000000f9cff330,0x00000000f9d00000)
  to   space 25088K, 0% used [0x00000000fe780000,0x00000000fe780000,0x0000000100000000)
 ParOldGen       total 74752K, used 28898K [0x00000000c0000000, 0x00000000c4900000, 0x00000000eab00000)
  object space 74752K, 38% used [0x00000000c0000000,0x00000000c1c388f0,0x00000000c4900000)
 Metaspace       used 56805K, capacity 59030K, committed 59136K, reserved 1099776K
  class space    used 7904K, capacity 8384K, committed 8448K, reserved 1048576K
Event: 69.953 GC heap after
Heap after GC invocations=10 (full 2):
 PSYoungGen      total 317952K, used 21356K [0x00000000eab00000, 0x0000000100000000, 0x0000000100000000)
  eden space 292864K, 0% used [0x00000000eab00000,0x00000000eab00000,0x00000000fc900000)
  from space 25088K, 85% used [0x00000000fe780000,0x00000000ffc5b340,0x0000000100000000)
  to   space 28160K, 0% used [0x00000000fc900000,0x00000000fc900000,0x00000000fe480000)
 ParOldGen       total 74752K, used 28906K [0x00000000c0000000, 0x00000000c4900000, 0x00000000eab00000)
  object space 74752K, 38% used [0x00000000c0000000,0x00000000c1c3a8f0,0x00000000c4900000)
 Metaspace       used 56805K, capacity 59030K, committed 59136K, reserved 1099776K
  class space    used 7904K, capacity 8384K, committed 8448K, reserved 1048576K
}
Event: 69.953 GC heap before
{Heap before GC invocations=11 (full 3):
 PSYoungGen      total 317952K, used 21356K [0x00000000eab00000, 0x0000000100000000, 0x0000000100000000)
  eden space 292864K, 0% used [0x00000000eab00000,0x00000000eab00000,0x00000000fc900000)
  from space 25088K, 85% used [0x00000000fe780000,0x00000000ffc5b340,0x0000000100000000)
  to   space 28160K, 0% used [0x00000000fc900000,0x00000000fc900000,0x00000000fe480000)
 ParOldGen       total 74752K, used 28906K [0x00000000c0000000, 0x00000000c4900000, 0x00000000eab00000)
  object space 74752K, 38% used [0x00000000c0000000,0x00000000c1c3a8f0,0x00000000c4900000)
 Metaspace       used 56805K, capacity 59030K, committed 59136K, reserved 1099776K
  class space    used 7904K, capacity 8384K, committed 8448K, reserved 1048576K
Event: 70.157 GC heap after
Heap after GC invocations=11 (full 3):
 PSYoungGen      total 317952K, used 0K [0x00000000eab00000, 0x0000000100000000, 0x0000000100000000)
  eden space 292864K, 0% used [0x00000000eab00000,0x00000000eab00000,0x00000000fc900000)
  from space 25088K, 0% used [0x00000000fe780000,0x00000000fe780000,0x0000000100000000)
  to   space 28160K, 0% used [0x00000000fc900000,0x00000000fc900000,0x00000000fe480000)
 ParOldGen       total 106496K, used 33810K [0x00000000c0000000, 0x00000000c6800000, 0x00000000eab00000)
  object space 106496K, 31% used [0x00000000c0000000,0x00000000c21048d8,0x00000000c6800000)
 Metaspace       used 56779K, capacity 58950K, committed 59136K, reserved 1099776K
  class space    used 7896K, capacity 8370K, committed 8448K, reserved 1048576K
}
Event: 88.083 GC heap before
{Heap before GC invocations=12 (full 3):
 PSYoungGen      total 317952K, used 292864K [0x00000000eab00000, 0x0000000100000000, 0x0000000100000000)
  eden space 292864K, 100% used [0x00000000eab00000,0x00000000fc900000,0x00000000fc900000)
  from space 25088K, 0% used [0x00000000fe780000,0x00000000fe780000,0x0000000100000000)
  to   space 28160K, 0% used [0x00000000fc900000,0x00000000fc900000,0x00000000fe480000)
 ParOldGen       total 106496K, used 33810K [0x00000000c0000000, 0x00000000c6800000, 0x00000000eab00000)
  object space 106496K, 31% used [0x00000000c0000000,0x00000000c21048d8,0x00000000c6800000)
 Metaspace       used 65553K, capacity 68314K, committed 68352K, reserved 1107968K
  class space    used 9152K, capacity 9714K, committed 9728K, reserved 1048576K
Event: 88.116 GC heap after
Heap after GC invocations=12 (full 3):
 PSYoungGen      total 314880K, used 21705K [0x00000000eab00000, 0x0000000100000000, 0x0000000100000000)
  eden space 292864K, 0% used [0x00000000eab00000,0x00000000eab00000,0x00000000fc900000)
  from space 22016K, 98% used [0x00000000fc900000,0x00000000fde32618,0x00000000fde80000)
  to   space 30208K, 0% used [0x00000000fe280000,0x00000000fe280000,0x0000000100000000)
 ParOldGen       total 106496K, used 33818K [0x00000000c0000000, 0x00000000c6800000, 0x00000000eab00000)
  object space 106496K, 31% used [0x00000000c0000000,0x00000000c21068d8,0x00000000c6800000)
 Metaspace       used 65553K, capacity 68314K, committed 68352K, reserved 1107968K
  class space    used 9152K, capacity 9714K, committed 9728K, reserved 1048576K
}
Event: 132.128 GC heap before
{Heap before GC invocations=13 (full 3):
 PSYoungGen      total 314880K, used 314569K [0x00000000eab00000, 0x0000000100000000, 0x0000000100000000)
  eden space 292864K, 100% used [0x00000000eab00000,0x00000000fc900000,0x00000000fc900000)
  from space 22016K, 98% used [0x00000000fc900000,0x00000000fde32618,0x00000000fde80000)
  to   space 30208K, 0% used [0x00000000fe280000,0x00000000fe280000,0x0000000100000000)
 ParOldGen       total 106496K, used 33818K [0x00000000c0000000, 0x00000000c6800000, 0x00000000eab00000)
  object space 106496K, 31% used [0x00000000c0000000,0x00000000c21068d8,0x00000000c6800000)
 Metaspace       used 75413K, capacity 78316K, committed 78464K, reserved 1116160K
  class space    used 10210K, capacity 10803K, committed 10880K, reserved 1048576K

